<?xml version="1.0" encoding="UTF-8"?>
<!-- Generated by org.testng.reporters.JUnitReportReporter -->
<testsuite hostname="DESKTOP-TL6E7AH" failures="0" tests="1" name="assignment.BigBasket" time="76.001" errors="0" timestamp="2024-03-12T14:48:43 IST" skipped="0">
  <testcase classname="assignment.BigBasket" name="bigBasket" time="76.001"/>
</testsuite> <!-- assignment.BigBasket -->
