<?xml version="1.0" encoding="UTF-8"?>
<!-- Generated by org.testng.reporters.JUnitReportReporter -->
<testsuite hostname="DESKTOP-TL6E7AH" failures="0" tests="1" name="assignment.FlipKartTest" time="20.352" errors="0" timestamp="2024-03-06T11:46:23 IST" skipped="0">
  <testcase classname="assignment.FlipKartTest" name="flipkart" time="20.352"/>
</testsuite> <!-- assignment.FlipKartTest -->
