<?xml version="1.0" encoding="UTF-8"?>
<!-- Generated by org.testng.reporters.JUnitReportReporter -->
<testsuite hostname="DESKTOP-TL6E7AH" failures="0" tests="1" name="assignment.SportsKeeda" time="16.768" errors="0" timestamp="2024-05-07T16:59:18 IST" skipped="0">
  <testcase classname="assignment.SportsKeeda" name="pointsTable" time="16.768"/>
</testsuite> <!-- assignment.SportsKeeda -->
