<?xml version="1.0" encoding="UTF-8"?>
<!-- Generated by org.testng.reporters.JUnitReportReporter -->
<testsuite hostname="DESKTOP-TL6E7AH" failures="0" tests="1" name="assignment.Amazon" time="42.843" errors="0" timestamp="2024-05-09T11:22:30 IST" skipped="0">
  <testcase classname="assignment.Amazon" name="login" time="42.843"/>
</testsuite> <!-- assignment.Amazon -->
