<?xml version="1.0" encoding="UTF-8"?>
<!-- Generated by org.testng.reporters.JUnitReportReporter -->
<testsuite hostname="DESKTOP-TL6E7AH" failures="0" tests="1" name="assignment.SportsKeedaTest" time="44.450" errors="0" timestamp="2024-05-07T18:00:07 IST" skipped="0">
  <testcase classname="assignment.SportsKeedaTest" name="sportsKeeda" time="44.450"/>
</testsuite> <!-- assignment.SportsKeedaTest -->
