<?xml version="1.0" encoding="UTF-8"?>
<!-- Generated by org.testng.reporters.JUnitReportReporter -->
<testsuite hostname="DESKTOP-TL6E7AH" failures="0" tests="1" name="assignment.FlipKartTest" time="44.928" errors="0" timestamp="2024-03-15T11:08:38 IST" skipped="0">
  <testcase classname="assignment.FlipKartTest" name="flipkart" time="44.928"/>
</testsuite> <!-- assignment.FlipKartTest -->
