<?xml version="1.0" encoding="UTF-8"?>
<!-- Generated by org.testng.reporters.JUnitReportReporter -->
<testsuite hostname="DESKTOP-TL6E7AH" failures="0" tests="1" name="assignment.Interview" time="16.856" errors="0" timestamp="2024-04-20T10:47:36 IST" skipped="0">
  <testcase classname="assignment.Interview" name="Test" time="16.856"/>
</testsuite> <!-- assignment.Interview -->
