<?xml version="1.0" encoding="UTF-8"?>
<!-- Generated by org.testng.reporters.JUnitReportReporter -->
<testsuite hostname="DESKTOP-TL6E7AH" failures="0" tests="1" name="Practice.Make" time="55.501" errors="0" timestamp="2024-05-01T11:34:45 IST" skipped="0">
  <testcase classname="Practice.Make" name="click" time="55.501"/>
</testsuite> <!-- Practice.Make -->
