<?xml version="1.0" encoding="UTF-8"?>
<!-- Generated by org.testng.reporters.JUnitReportReporter -->
<testsuite hostname="DESKTOP-TL6E7AH" failures="0" tests="1" name="assignment.ProKabaddiTest" time="31.771" errors="0" timestamp="2024-03-04T13:32:44 IST" skipped="0">
  <testcase classname="assignment.ProKabaddiTest" name="proKabaddiTest" time="31.771"/>
</testsuite> <!-- assignment.ProKabaddiTest -->
