<?xml version="1.0" encoding="UTF-8"?>
<!-- Generated by org.testng.reporters.JUnitReportReporter -->
<testsuite hostname="DESKTOP-TL6E7AH" failures="0" tests="1" name="assignment.PrimeTest" time="25.588" errors="0" timestamp="2024-02-21T09:52:39 IST" skipped="0">
  <testcase classname="assignment.PrimeTest" name="primeTest" time="25.588"/>
</testsuite> <!-- assignment.PrimeTest -->
