<?xml version="1.0" encoding="UTF-8"?>
<!-- Generated by org.testng.reporters.JUnitReportReporter -->
<testsuite hostname="DESKTOP-TL6E7AH" failures="0" tests="1" name="assignment.IxigoTest" time="66.168" errors="0" timestamp="2024-03-19T15:20:31 IST" skipped="0">
  <testcase classname="assignment.IxigoTest" name="ixigoTest" time="66.168"/>
</testsuite> <!-- assignment.IxigoTest -->
