<?xml version="1.0" encoding="UTF-8"?>
<!-- Generated by org.testng.reporters.JUnitReportReporter -->
<testsuite hostname="DESKTOP-TL6E7AH" failures="0" tests="1" name="assignment.CovidTest" time="264.548" errors="0" timestamp="2024-02-29T12:07:24 IST" skipped="0">
  <testcase classname="assignment.CovidTest" name="covidTest" time="264.548"/>
</testsuite> <!-- assignment.CovidTest -->
