<?xml version="1.0" encoding="UTF-8"?>
<!-- Generated by org.testng.reporters.JUnitReportReporter -->
<testsuite hostname="DESKTOP-TL6E7AH" failures="0" tests="1" name="assignment.MakeMyTripTest" time="22.415" errors="0" timestamp="2024-04-23T16:33:21 IST" skipped="0">
  <testcase classname="assignment.MakeMyTripTest" name="booking" time="22.415"/>
</testsuite> <!-- assignment.MakeMyTripTest -->
