<?xml version="1.0" encoding="UTF-8"?>
<!-- Generated by org.testng.reporters.JUnitReportReporter -->
<testsuite hostname="DESKTOP-TL6E7AH" failures="0" tests="1" name="assignment.ReadPdf" time="19.052" errors="0" timestamp="2024-05-31T16:05:24 IST" skipped="0">
  <testcase classname="assignment.ReadPdf" name="readPdf" time="19.052"/>
</testsuite> <!-- assignment.ReadPdf -->
