<?xml version="1.0" encoding="UTF-8"?>
<!-- Generated by org.testng.reporters.JUnitReportReporter -->
<testsuite hostname="DESKTOP-TL6E7AH" failures="0" tests="1" name="assignment.CricbuzzTest" time="21.212" errors="0" timestamp="2024-02-29T12:22:10 IST" skipped="0">
  <testcase classname="assignment.CricbuzzTest" name="cricbuzzTest" time="21.212"/>
</testsuite> <!-- assignment.CricbuzzTest -->
