<?xml version="1.0" encoding="UTF-8"?>
<!-- Generated by org.testng.reporters.JUnitReportReporter -->
<testsuite hostname="DESKTOP-TL6E7AH" failures="0" tests="1" name="assignment.CreateProject" time="11.185" errors="0" timestamp="2024-03-25T16:18:51 IST" skipped="0">
  <testcase classname="assignment.CreateProject" name="createProject" time="11.185"/>
</testsuite> <!-- assignment.CreateProject -->
