<?xml version="1.0" encoding="UTF-8"?>
<!-- Generated by org.testng.reporters.JUnitReportReporter -->
<testsuite hostname="DESKTOP-TL6E7AH" failures="0" tests="1" name="Practice.Fireflink" time="28.591" errors="0" timestamp="2024-04-10T10:47:28 IST" skipped="0">
  <testcase classname="Practice.Fireflink" name="login" time="28.591"/>
</testsuite> <!-- Practice.Fireflink -->
