<?xml version="1.0" encoding="UTF-8"?>
<!-- Generated by org.testng.reporters.JUnitReportReporter -->
<testsuite hostname="DESKTOP-TL6E7AH" failures="0" tests="1" name="assignment.IxigoTest" time="18.497" errors="0" timestamp="2024-02-29T12:06:39 IST" skipped="0">
  <testcase classname="assignment.IxigoTest" name="ixigoTest" time="18.497"/>
</testsuite> <!-- assignment.IxigoTest -->
