<?xml version="1.0" encoding="UTF-8"?>
<!-- Generated by org.testng.reporters.JUnitReportReporter -->
<testsuite hostname="DESKTOP-TL6E7AH" failures="0" tests="1" name="assignment.Google" time="9.433" errors="0" timestamp="2024-03-15T09:19:31 IST" skipped="0">
  <testcase classname="assignment.Google" name="google" time="9.433"/>
</testsuite> <!-- assignment.Google -->
