<?xml version="1.0" encoding="UTF-8"?>
<!-- Generated by org.testng.reporters.JUnitReportReporter -->
<testsuite hostname="DESKTOP-TL6E7AH" failures="0" tests="1" name="assignment.Interview" time="20.067" errors="0" timestamp="2024-05-28T12:43:37 IST" skipped="0">
  <testcase classname="assignment.Interview" name="Test" time="20.067"/>
</testsuite> <!-- assignment.Interview -->
