<?xml version="1.0" encoding="UTF-8"?>
<!-- Generated by org.testng.reporters.JUnitReportReporter -->
<testsuite hostname="DESKTOP-TL6E7AH" failures="0" tests="1" name="assignment.GoIbibo" time="15.313" errors="0" timestamp="2024-03-11T17:01:57 IST" skipped="0">
  <testcase classname="assignment.GoIbibo" name="goIbibo" time="15.313"/>
</testsuite> <!-- assignment.GoIbibo -->
