<?xml version="1.0" encoding="UTF-8"?>
<!-- Generated by org.testng.reporters.JUnitReportReporter -->
<testsuite hostname="DESKTOP-TL6E7AH" failures="0" tests="1" name="assignment.AddToCartTest" time="27.076" errors="0" timestamp="2024-03-06T11:37:57 IST" skipped="0">
  <testcase classname="assignment.AddToCartTest" name="addToCart" time="27.076"/>
</testsuite> <!-- assignment.AddToCartTest -->
