<?xml version="1.0" encoding="UTF-8"?>
<!-- Generated by org.testng.reporters.JUnitReportReporter -->
<testsuite hostname="DESKTOP-TL6E7AH" failures="0" tests="1" name="assignment.SpiceJetTest" time="34.243" errors="0" timestamp="2024-02-21T00:34:14 IST" skipped="0">
  <testcase classname="assignment.SpiceJetTest" name="spiceJetTest" time="34.243"/>
</testsuite> <!-- assignment.SpiceJetTest -->
